\BOOKMARK [0][-]{chapter.1}{\376\377\000I\000n\000t\000r\000o\000d\000u\000c\000c\000i\000\363\000n}{}% 1
\BOOKMARK [1][-]{section.1.1}{\376\377\000E\000j\000e\000m\000p\000l\000o\000\040\000F\000i\000g\000u\000r\000a}{chapter.1}% 2
\BOOKMARK [1][-]{section.1.2}{\376\377\000E\000j\000e\000m\000p\000l\000o\000\040\000L\000i\000n\000k}{chapter.1}% 3
\BOOKMARK [0][-]{chapter.2}{\376\377\000F\000u\000n\000d\000a\000m\000e\000n\000t\000o\000s\000\040\000T\000e\000\363\000r\000i\000c\000o\000s\000\040\000y\000\040\000P\000r\000o\000b\000l\000e\000m\000\341\000t\000i\000c\000a}{}% 4
\BOOKMARK [1][-]{section.2.1}{\376\377\000E\000j\000e\000m\000p\000l\000o\000\040\000E\000c\000u\000a\000c\000i\000\363\000n}{chapter.2}% 5
\BOOKMARK [1][-]{section.2.2}{\376\377\000E\000j\000e\000m\000p\000l\000o\000\040\000C\000i\000t\000a\000\040\000B\000i\000b\000l\000i\000o\000g\000r\000\341\000f\000i\000c\000a}{chapter.2}% 6
\BOOKMARK [1][-]{section.2.3}{\376\377\000T\000e\000r\000c\000e\000r\000a\000\040\000s\000e\000c\000c\000i\000\363\000n}{chapter.2}% 7
\BOOKMARK [0][-]{chapter.3}{\376\377\000E\000s\000t\000a\000d\000o\000\040\000d\000e\000l\000\040\000A\000r\000t\000e}{}% 8
\BOOKMARK [1][-]{section.3.1}{\376\377\000P\000r\000i\000m\000e\000r\000a\000\040\000s\000e\000c\000c\000i\000\363\000n\000\040}{chapter.3}% 9
\BOOKMARK [1][-]{section.3.2}{\376\377\000E\000j\000e\000m\000p\000l\000o\000s\000\040\000C\000i\000t\000a\000s\000\040\000B\000i\000b\000l\000i\000o\000g\000r\000\341\000f\000i\000c\000a\000s}{chapter.3}% 10
\BOOKMARK [1][-]{section.3.3}{\376\377\000T\000e\000r\000c\000e\000r\000a\000\040\000s\000e\000c\000c\000i\000\363\000n}{chapter.3}% 11
\BOOKMARK [0][-]{chapter.4}{\376\377\000M\000e\000t\000o\000d\000o\000l\000o\000g\000\355\000a}{}% 12
\BOOKMARK [1][-]{section.4.1}{\376\377\000P\000r\000i\000m\000e\000r\000a\000\040\000s\000e\000c\000c\000i\000\363\000n}{chapter.4}% 13
\BOOKMARK [1][-]{section.4.2}{\376\377\000E\000j\000e\000m\000p\000l\000o\000\040\000A\000l\000g\000o\000r\000i\000t\000m\000o}{chapter.4}% 14
\BOOKMARK [1][-]{section.4.3}{\376\377\000T\000e\000r\000c\000e\000r\000a\000\040\000s\000e\000c\000c\000i\000\363\000n}{chapter.4}% 15
\BOOKMARK [0][-]{chapter.5}{\376\377\000R\000e\000s\000u\000l\000t\000a\000d\000o\000s}{}% 16
\BOOKMARK [1][-]{section.5.1}{\376\377\000E\000j\000e\000m\000p\000l\000o\000\040\000T\000a\000b\000l\000a}{chapter.5}% 17
\BOOKMARK [1][-]{section.5.2}{\376\377\000E\000j\000e\000m\000p\000l\000o\000\040\000F\000i\000g\000u\000r\000a}{chapter.5}% 18
\BOOKMARK [1][-]{section.5.3}{\376\377\000T\000e\000r\000c\000e\000r\000a\000\040\000s\000e\000c\000c\000i\000\363\000n}{chapter.5}% 19
\BOOKMARK [0][-]{chapter.6}{\376\377\000C\000o\000n\000c\000l\000u\000s\000i\000o\000n\000e\000s\000\040\000y\000\040\000P\000e\000r\000s\000p\000e\000c\000t\000i\000v\000a\000s}{}% 20
\BOOKMARK [1][-]{section.6.1}{\376\377\000C\000o\000n\000c\000l\000u\000s\000i\000o\000n\000e\000s}{chapter.6}% 21
\BOOKMARK [1][-]{section.6.2}{\376\377\000P\000e\000r\000s\000p\000e\000c\000t\000i\000v\000a\000s}{chapter.6}% 22
\BOOKMARK [0][-]{appendix.Alph1}{\376\377\000D\000e\000m\000o\000s\000t\000r\000a\000c\000i\000o\000n\000e\000s}{}% 23
\BOOKMARK [1][-]{section.Alph1.1}{\376\377\000E\000x\000p\000l\000i\000c\000a\000n\000d\000o\000\040\000T\000e\000o\000r\000e\000m\000a}{appendix.Alph1}% 24
\BOOKMARK [0][-]{appendix.Alph2}{\376\377\000C\000\363\000d\000i\000g\000o\000\040\000F\000u\000e\000n\000t\000e}{}% 25
\BOOKMARK [1][-]{section.Alph2.1}{\376\377\000E\000x\000p\000l\000i\000c\000a\000n\000d\000o\000\040\000u\000n\000\040\000p\000r\000o\000g\000r\000a\000m\000a}{appendix.Alph2}% 26
\BOOKMARK [0][-]{appendix*.7}{\376\377\000B\000i\000b\000l\000i\000o\000g\000r\000a\000f\000\355\000a}{}% 27
